[2024.09.16 21:30:36] INFO: "GET / HTTP/1.1" 200 1638
[2024.09.16 21:30:36] WARNING: "GET /photo/photos/images.jfif HTTP/1.1" 404 3751
[2024.09.18 20:02:09] INFO: "GET / HTTP/1.1" 200 1638
[2024.09.18 20:02:09] WARNING: "GET /photo/photos/images.jfif HTTP/1.1" 404 3751
[2024.09.18 20:02:09] INFO: "GET /static/css/style.css HTTP/1.1" 200 2274
[2024.09.18 20:02:09] INFO: "GET /static/img/golang_gopher_src_logo_icon_168155.webp HTTP/1.1" 200 12372
[2024.09.18 20:02:09] INFO: "GET /static/js/app.js HTTP/1.1" 200 233
[2024.09.18 20:02:09] WARNING: "GET /favicon.ico HTTP/1.1" 404 3712
[2024.09.18 20:16:10] ERROR: "GET / HTTP/1.1" 500 177824
[2024.09.18 20:18:23] INFO: "GET / HTTP/1.1" 200 1687
[2024.09.18 20:18:23] WARNING: "GET /photo/photos/images.jfif HTTP/1.1" 404 3914
[2024.09.18 20:18:35] INFO: "GET /login HTTP/1.1" 301 0
[2024.09.18 20:18:35] INFO: "GET /login/ HTTP/1.1" 302 0
[2024.09.18 20:18:35] WARNING: "GET /accounts/profile/ HTTP/1.1" 404 3893
[2024.09.18 20:19:57] WARNING: "GET /accounts/profile/ HTTP/1.1" 404 3893
[2024.09.18 20:20:03] INFO: "GET /login/ HTTP/1.1" 302 0
[2024.09.18 20:20:03] WARNING: "GET /accounts/profile/ HTTP/1.1" 404 3893
[2024.09.18 20:20:16] WARNING: "GET /home HTTP/1.1" 404 3854
[2024.09.18 20:20:24] INFO: "GET / HTTP/1.1" 200 1687
[2024.09.18 20:20:24] WARNING: "GET /photo/photos/images.jfif HTTP/1.1" 404 3914
[2024.09.18 20:20:26] WARNING: "GET /api/ HTTP/1.1" 404 3854
[2024.09.18 20:20:28] WARNING: "GET /api/ HTTP/1.1" 404 3854
[2024.09.18 20:20:29] INFO: "GET / HTTP/1.1" 200 1687
[2024.09.18 20:20:29] WARNING: "GET /photo/photos/images.jfif HTTP/1.1" 404 3914
[2024.09.18 20:21:09] INFO: "GET / HTTP/1.1" 200 1687
[2024.09.18 20:21:09] WARNING: "GET /photo/photos/images.jfif HTTP/1.1" 404 3914
[2024.09.18 20:21:11] INFO: "GET / HTTP/1.1" 200 1687
[2024.09.18 20:21:11] WARNING: "GET /photo/photos/images.jfif HTTP/1.1" 404 3914
[2024.09.18 20:21:11] INFO: "GET / HTTP/1.1" 200 1687
[2024.09.18 20:21:11] WARNING: "GET /photo/photos/images.jfif HTTP/1.1" 404 3914
[2024.09.18 20:21:12] INFO: "GET / HTTP/1.1" 200 1687
[2024.09.18 20:21:12] WARNING: "GET /photo/photos/images.jfif HTTP/1.1" 404 3914
[2024.09.18 20:21:12] INFO: "GET / HTTP/1.1" 200 1687
[2024.09.18 20:21:12] WARNING: "GET /photo/photos/images.jfif HTTP/1.1" 404 3914
[2024.09.18 20:21:12] INFO: "GET / HTTP/1.1" 200 1687
[2024.09.18 20:21:12] WARNING: "GET /photo/photos/images.jfif HTTP/1.1" 404 3914
[2024.09.18 20:21:12] INFO: "GET / HTTP/1.1" 200 1687
[2024.09.18 20:21:13] WARNING: "GET /photo/photos/images.jfif HTTP/1.1" 404 3914
[2024.09.18 20:30:29] INFO: "GET / HTTP/1.1" 200 1687
[2024.09.18 20:30:29] WARNING: "GET /photo/photos/images.jfif HTTP/1.1" 404 3914
[2024.09.18 20:30:30] INFO: "GET /create/ HTTP/1.1" 200 5325
[2024.09.18 20:30:32] INFO: "GET / HTTP/1.1" 200 1687
[2024.09.18 20:30:32] WARNING: "GET /photo/photos/images.jfif HTTP/1.1" 404 3914
[2024.09.18 22:04:10] INFO: "GET / HTTP/1.1" 200 1639
[2024.09.18 22:04:10] WARNING: "GET /photo/photos/images.jfif HTTP/1.1" 404 3914
[2024.09.18 22:04:10] WARNING: "GET /favicon.ico HTTP/1.1" 404 3875
[2024.09.18 22:04:12] INFO: "GET /login/ HTTP/1.1" 200 2228
[2024.09.18 22:04:20] WARNING: "GET /photo/photos/images.jfif HTTP/1.1" 404 3914
[2024.09.18 22:04:34] INFO: "POST /login/ HTTP/1.1" 200 2482
[2024.09.18 22:04:42] INFO: "POST /login/ HTTP/1.1" 200 2482
[2024.09.18 22:08:29] INFO: "GET / HTTP/1.1" 200 1639
[2024.09.18 22:08:29] WARNING: "GET /photo/photos/images.jfif HTTP/1.1" 404 3914
[2024.09.18 22:08:32] INFO: "GET /admin/ HTTP/1.1" 302 0
[2024.09.18 22:08:33] INFO: "GET /admin/login/?next=/admin/ HTTP/1.1" 200 4362
[2024.09.18 22:08:33] INFO: "GET /static/admin/css/base.css HTTP/1.1" 304 0
[2024.09.18 22:08:33] INFO: "GET /static/admin/js/theme.js HTTP/1.1" 304 0
[2024.09.18 22:08:33] INFO: "GET /static/admin/css/dark_mode.css HTTP/1.1" 304 0
[2024.09.18 22:08:33] INFO: "GET /static/admin/css/login.css HTTP/1.1" 304 0
[2024.09.18 22:08:33] INFO: "GET /static/admin/css/nav_sidebar.css HTTP/1.1" 304 0
[2024.09.18 22:08:33] INFO: "GET /static/admin/css/responsive.css HTTP/1.1" 304 0
[2024.09.18 22:08:33] INFO: "GET /static/admin/js/nav_sidebar.js HTTP/1.1" 304 0
[2024.09.18 22:08:41] INFO: "POST /admin/login/?next=/admin/ HTTP/1.1" 302 0
[2024.09.18 22:08:41] INFO: "GET /admin/ HTTP/1.1" 200 8494
[2024.09.18 22:08:41] INFO: "GET /static/admin/css/dashboard.css HTTP/1.1" 304 0
[2024.09.18 22:08:41] INFO: "GET /static/admin/img/icon-addlink.svg HTTP/1.1" 304 0
[2024.09.18 22:08:41] INFO: "GET /static/admin/img/icon-changelink.svg HTTP/1.1" 304 0
[2024.09.18 22:08:46] INFO: "GET /admin/app/userprofile/add/ HTTP/1.1" 200 24993
[2024.09.18 22:08:46] INFO: "GET /static/admin/js/vendor/jquery/jquery.js HTTP/1.1" 304 0
[2024.09.18 22:08:46] INFO: "GET /static/admin/js/jquery.init.js HTTP/1.1" 304 0
[2024.09.18 22:08:46] INFO: "GET /static/admin/js/core.js HTTP/1.1" 304 0
[2024.09.18 22:08:46] INFO: "GET /static/admin/css/forms.css HTTP/1.1" 304 0
[2024.09.18 22:08:46] INFO: "GET /static/admin/js/admin/RelatedObjectLookups.js HTTP/1.1" 304 0
[2024.09.18 22:08:46] INFO: "GET /static/admin/js/actions.js HTTP/1.1" 304 0
[2024.09.18 22:08:46] INFO: "GET /static/admin/js/vendor/xregexp/xregexp.js HTTP/1.1" 304 0
[2024.09.18 22:08:46] INFO: "GET /static/admin/js/urlify.js HTTP/1.1" 304 0
[2024.09.18 22:08:46] INFO: "GET /static/admin/css/widgets.css HTTP/1.1" 304 0
[2024.09.18 22:08:46] INFO: "GET /static/admin/js/prepopulate.js HTTP/1.1" 304 0
[2024.09.18 22:08:46] INFO: "GET /static/admin/js/prepopulate_init.js HTTP/1.1" 304 0
[2024.09.18 22:08:46] INFO: "GET /admin/jsi18n/ HTTP/1.1" 200 17546
[2024.09.18 22:08:46] INFO: "GET /static/admin/js/calendar.js HTTP/1.1" 200 9141
[2024.09.18 22:08:46] INFO: "GET /static/admin/js/admin/DateTimeShortcuts.js HTTP/1.1" 200 19319
[2024.09.18 22:08:46] INFO: "GET /static/admin/js/change_form.js HTTP/1.1" 304 0
[2024.09.18 22:08:46] INFO: "GET /static/admin/img/icon-clock.svg HTTP/1.1" 200 677
[2024.09.18 22:08:46] INFO: "GET /static/admin/img/icon-calendar.svg HTTP/1.1" 200 1086
[2024.09.18 22:08:55] INFO: "GET /admin/app/product/ HTTP/1.1" 200 45571
[2024.09.18 22:08:55] INFO: "GET /static/admin/css/changelists.css HTTP/1.1" 304 0
[2024.09.18 22:08:55] INFO: "GET /static/admin/js/filters.js HTTP/1.1" 304 0
[2024.09.18 22:08:55] INFO: "GET /admin/jsi18n/ HTTP/1.1" 200 17546
[2024.09.18 22:08:55] INFO: "GET /static/admin/img/tooltag-add.svg HTTP/1.1" 304 0
[2024.09.18 22:08:56] INFO: "GET /admin/app/userprofile/ HTTP/1.1" 200 10464
[2024.09.18 22:08:56] INFO: "GET /admin/jsi18n/ HTTP/1.1" 200 17546
[2024.09.18 22:08:58] INFO: "GET /admin/app/userprofile/add/ HTTP/1.1" 200 24993
[2024.09.18 22:08:58] INFO: "GET /admin/jsi18n/ HTTP/1.1" 200 17546
[2024.09.18 22:09:27] INFO: "POST /admin/app/userprofile/add/ HTTP/1.1" 200 25514
[2024.09.18 22:09:27] INFO: "GET /admin/jsi18n/ HTTP/1.1" 200 17546
[2024.09.18 22:09:44] INFO: "POST /admin/app/userprofile/add/ HTTP/1.1" 302 0
[2024.09.18 22:09:44] INFO: "GET /admin/app/userprofile/ HTTP/1.1" 200 11035
[2024.09.18 22:09:44] INFO: "GET /admin/jsi18n/ HTTP/1.1" 200 17546
[2024.09.18 22:09:44] INFO: "GET /static/admin/img/icon-yes.svg HTTP/1.1" 304 0
[2024.09.18 22:09:47] INFO: "GET / HTTP/1.1" 200 1749
[2024.09.18 22:09:47] WARNING: "GET /photo/photos/images.jfif HTTP/1.1" 404 3914
[2024.09.18 22:09:47] WARNING: "GET /photo/photos/images_GoUmSe9.jfif HTTP/1.1" 404 3938
[2024.09.18 22:09:49] INFO: "GET / HTTP/1.1" 200 1749
[2024.09.18 22:09:49] WARNING: "GET /photo/photos/images.jfif HTTP/1.1" 404 3914
[2024.09.18 22:09:49] WARNING: "GET /photo/photos/images_GoUmSe9.jfif HTTP/1.1" 404 3938
[2024.09.18 22:11:57] INFO: "GET / HTTP/1.1" 200 1749
[2024.09.18 22:11:57] WARNING: "GET /photo/photos/images.jfif HTTP/1.1" 404 3914
[2024.09.18 22:11:57] WARNING: "GET /photo/photos/images_GoUmSe9.jfif HTTP/1.1" 404 3938
[2024.09.20 20:37:28] INFO: "GET / HTTP/1.1" 200 1749
[2024.09.20 20:37:28] WARNING: "GET /photo/photos/images.jfif HTTP/1.1" 404 3914
[2024.09.20 20:37:28] WARNING: "GET /photo/photos/images_GoUmSe9.jfif HTTP/1.1" 404 3938
[2024.09.20 20:37:28] WARNING: "GET /favicon.ico HTTP/1.1" 404 3875
